This file contains any messages produced by compilers while
running configure, to aid debugging if configure makes a mistake.

It was created by Apertium Divehi-English configure 0.2.0, which was
generated by GNU Autoconf 2.69.  Invocation command line was

  $ ./configure --with-lang1=../ling073-div --with-lang2=../apertium-eng

## --------- ##
## Platform. ##
## --------- ##

hostname = dratini
uname -m = x86_64
uname -r = 4.15.0-46-generic
uname -s = Linux
uname -v = #49-Ubuntu SMP Wed Feb 6 09:33:07 UTC 2019

/usr/bin/uname -p = unknown
/bin/uname -X     = unknown

/bin/arch              = unknown
/usr/bin/arch -k       = unknown
/usr/convex/getsysinfo = unknown
/usr/bin/hostinfo      = unknown
/bin/machine           = unknown
/usr/bin/oslevel       = unknown
/bin/universe          = unknown

PATH: /home/xluo1/bin
PATH: /usr/swat/bin
PATH: /usr/local/bin
PATH: /bin
PATH: /sbin
PATH: /usr/bin
PATH: /usr/sbin
PATH: /usr/X11R6/bin
PATH: /usr/local/bin


## ----------- ##
## Core tests. ##
## ----------- ##

configure:1848: checking for a BSD-compatible install
configure:1916: result: /usr/bin/install -c
configure:1927: checking whether build environment is sane
configure:1982: result: yes
configure:2133: checking for a thread-safe mkdir -p
configure:2172: result: /bin/mkdir -p
configure:2179: checking for gawk
configure:2195: found /usr/bin/gawk
configure:2206: result: gawk
configure:2217: checking whether make sets $(MAKE)
configure:2239: result: yes
configure:2268: checking whether make supports nested variables
configure:2285: result: yes
configure:2412: checking whether ln -s works
configure:2416: result: yes
configure:2427: checking for gawk
configure:2454: result: gawk
configure:2521: checking for pkg-config
configure:2539: found /usr/bin/pkg-config
configure:2551: result: /usr/bin/pkg-config
configure:2576: checking pkg-config is at least version 0.9.0
configure:2579: result: yes
configure:2589: checking for APERTIUM
configure:2596: $PKG_CONFIG --exists --print-errors "apertium >= 3.4.0"
configure:2599: $? = 0
configure:2613: $PKG_CONFIG --exists --print-errors "apertium >= 3.4.0"
configure:2616: $? = 0
configure:2834: result: yes
configure:2842: checking for hfst-lexc
configure:2860: found /usr/bin/hfst-lexc
configure:2873: result: /usr/bin/hfst-lexc
configure:2887: checking for hfst-twolc
configure:2905: found /usr/bin/hfst-twolc
configure:2918: result: /usr/bin/hfst-twolc
configure:2932: checking for cg-comp
configure:2950: found /usr/bin/cg-comp
configure:2963: result: /usr/bin/cg-comp
configure:2977: checking for cg-proc
configure:2995: found /usr/bin/cg-proc
configure:3008: result: /usr/bin/cg-proc
configure:3022: checking for lrx-comp
configure:3040: found /usr/bin/lrx-comp
configure:3053: result: /usr/bin/lrx-comp
configure:3067: checking for lrx-proc
configure:3085: found /usr/bin/lrx-proc
configure:3098: result: /usr/bin/lrx-proc
configure:3114: checking for gzcat
configure:3147: result: no
configure:3114: checking for zcat
configure:3132: found /bin/zcat
configure:3144: result: /bin/zcat
configure:3634: checking that generated files are newer than configure
configure:3640: result: done
configure:3648: creating ./config.status

## ---------------------- ##
## Running config.status. ##
## ---------------------- ##

This file was extended by Apertium Divehi-English config.status 0.2.0, which was
generated by GNU Autoconf 2.69.  Invocation command line was

  CONFIG_FILES    = 
  CONFIG_HEADERS  = 
  CONFIG_LINKS    = 
  CONFIG_COMMANDS = 
  $ ./config.status 

on dratini

config.status:794: creating Makefile

## ---------------- ##
## Cache variables. ##
## ---------------- ##

ac_cv_env_APERTIUM_CFLAGS_set=
ac_cv_env_APERTIUM_CFLAGS_value=
ac_cv_env_APERTIUM_DIV_CFLAGS_set=
ac_cv_env_APERTIUM_DIV_CFLAGS_value=
ac_cv_env_APERTIUM_DIV_LIBS_set=
ac_cv_env_APERTIUM_DIV_LIBS_value=
ac_cv_env_APERTIUM_ENG_CFLAGS_set=
ac_cv_env_APERTIUM_ENG_CFLAGS_value=
ac_cv_env_APERTIUM_ENG_LIBS_set=
ac_cv_env_APERTIUM_ENG_LIBS_value=
ac_cv_env_APERTIUM_LIBS_set=
ac_cv_env_APERTIUM_LIBS_value=
ac_cv_env_AP_LIB1_set=
ac_cv_env_AP_LIB1_value=
ac_cv_env_AP_LIB2_set=
ac_cv_env_AP_LIB2_value=
ac_cv_env_AP_SRC1_set=
ac_cv_env_AP_SRC1_value=
ac_cv_env_AP_SRC2_set=
ac_cv_env_AP_SRC2_value=
ac_cv_env_AP_SUBDIRS_set=
ac_cv_env_AP_SUBDIRS_value=
ac_cv_env_PKG_CONFIG_LIBDIR_set=
ac_cv_env_PKG_CONFIG_LIBDIR_value=
ac_cv_env_PKG_CONFIG_PATH_set=set
ac_cv_env_PKG_CONFIG_PATH_value=:/usr/local/share/pkgconfig:/usr/local/lib/pkgconfig
ac_cv_env_PKG_CONFIG_set=
ac_cv_env_PKG_CONFIG_value=
ac_cv_env_build_alias_set=
ac_cv_env_build_alias_value=
ac_cv_env_host_alias_set=
ac_cv_env_host_alias_value=
ac_cv_env_target_alias_set=
ac_cv_env_target_alias_value=
ac_cv_path_CGCOMP=/usr/bin/cg-comp
ac_cv_path_CGPROC=/usr/bin/cg-proc
ac_cv_path_HFSTLEXC=/usr/bin/hfst-lexc
ac_cv_path_HFSTTWOLC=/usr/bin/hfst-twolc
ac_cv_path_LRXCOMP=/usr/bin/lrx-comp
ac_cv_path_LRXPROC=/usr/bin/lrx-proc
ac_cv_path_ZCAT=/bin/zcat
ac_cv_path_ac_pt_PKG_CONFIG=/usr/bin/pkg-config
ac_cv_path_install='/usr/bin/install -c'
ac_cv_path_mkdir=/bin/mkdir
ac_cv_prog_AWK=gawk
ac_cv_prog_make_make_set=yes
am_cv_make_support_nested_variables=yes
pkg_cv_APERTIUM_CFLAGS='-I/usr/include/apertium-3.5 -I/usr/lib/x86_64-linux-gnu/apertium-3.5/include -I/usr/include/lttoolbox-3.5 -I/usr/lib/x86_64-linux-gnu/lttoolbox-3.5/include -I/usr/include/libxml2'
pkg_cv_APERTIUM_LIBS='-lapertium3 -llttoolbox3 -lxml2 -lpcre'

## ----------------- ##
## Output variables. ##
## ----------------- ##

ACLOCAL='${SHELL} /home/xluo1/ling73/ling073-div-eng/missing aclocal-1.15'
AMTAR='$${TAR-tar}'
AM_BACKSLASH='\'
AM_DEFAULT_V='$(AM_DEFAULT_VERBOSITY)'
AM_DEFAULT_VERBOSITY='1'
AM_V='$(V)'
APERTIUM_CFLAGS='-I/usr/include/apertium-3.5 -I/usr/lib/x86_64-linux-gnu/apertium-3.5/include -I/usr/include/lttoolbox-3.5 -I/usr/lib/x86_64-linux-gnu/lttoolbox-3.5/include -I/usr/include/libxml2'
APERTIUM_DIV_CFLAGS=''
APERTIUM_DIV_LIBS=''
APERTIUM_ENG_CFLAGS=''
APERTIUM_ENG_LIBS=''
APERTIUM_LIBS='-lapertium3 -llttoolbox3 -lxml2 -lpcre'
AP_LIB1='../ling073-div'
AP_LIB2='../apertium-eng'
AP_SRC1='../ling073-div'
AP_SRC2='../apertium-eng'
AP_SUBDIRS=' ../ling073-div ../apertium-eng'
AUTOCONF='${SHELL} /home/xluo1/ling73/ling073-div-eng/missing autoconf'
AUTOHEADER='${SHELL} /home/xluo1/ling73/ling073-div-eng/missing autoheader'
AUTOMAKE='${SHELL} /home/xluo1/ling73/ling073-div-eng/missing automake-1.15'
AWK='gawk'
CGCOMP='/usr/bin/cg-comp'
CGPROC='/usr/bin/cg-proc'
CYGPATH_W='echo'
DEFS='-DPACKAGE_NAME=\"Apertium\ Divehi-English\" -DPACKAGE_TARNAME=\"apertium-div-eng\" -DPACKAGE_VERSION=\"0.2.0\" -DPACKAGE_STRING=\"Apertium\ Divehi-English\ 0.2.0\" -DPACKAGE_BUGREPORT=\"xluo1@swarthmore.edu\" -DPACKAGE_URL=\"http://wiki.apertium.org/wiki/Apertium-div-eng\" -DPACKAGE=\"apertium-div-eng\" -DVERSION=\"0.2.0\"'
ECHO_C=''
ECHO_N='-n'
ECHO_T=''
HFSTLEXC='/usr/bin/hfst-lexc'
HFSTTWOLC='/usr/bin/hfst-twolc'
INSTALL_DATA='${INSTALL} -m 644'
INSTALL_PROGRAM='${INSTALL}'
INSTALL_SCRIPT='${INSTALL}'
INSTALL_STRIP_PROGRAM='$(install_sh) -c -s'
LIBOBJS=''
LIBS=''
LN_S='ln -s'
LRXCOMP='/usr/bin/lrx-comp'
LRXPROC='/usr/bin/lrx-proc'
LTLIBOBJS=''
MAKEINFO='${SHELL} /home/xluo1/ling73/ling073-div-eng/missing makeinfo'
MKDIR_P='/bin/mkdir -p'
PACKAGE='apertium-div-eng'
PACKAGE_BUGREPORT='xluo1@swarthmore.edu'
PACKAGE_NAME='Apertium Divehi-English'
PACKAGE_STRING='Apertium Divehi-English 0.2.0'
PACKAGE_TARNAME='apertium-div-eng'
PACKAGE_URL='http://wiki.apertium.org/wiki/Apertium-div-eng'
PACKAGE_VERSION='0.2.0'
PATH_SEPARATOR=':'
PKG_CONFIG='/usr/bin/pkg-config'
PKG_CONFIG_LIBDIR=''
PKG_CONFIG_PATH=':/usr/local/share/pkgconfig:/usr/local/lib/pkgconfig'
SET_MAKE=''
SHELL='/bin/bash'
STRIP=''
VERSION='0.2.0'
ZCAT='/bin/zcat'
am__isrc=''
am__leading_dot='.'
am__tar='$${TAR-tar} chof - "$$tardir"'
am__untar='$${TAR-tar} xf -'
bindir='${exec_prefix}/bin'
build_alias=''
datadir='${datarootdir}'
datarootdir='${prefix}/share'
docdir='${datarootdir}/doc/${PACKAGE_TARNAME}'
dvidir='${docdir}'
exec_prefix='${prefix}'
host_alias=''
htmldir='${docdir}'
includedir='${prefix}/include'
infodir='${datarootdir}/info'
install_sh='${SHELL} /home/xluo1/ling73/ling073-div-eng/install-sh'
libdir='${exec_prefix}/lib'
libexecdir='${exec_prefix}/libexec'
localedir='${datarootdir}/locale'
localstatedir='${prefix}/var'
mandir='${datarootdir}/man'
mkdir_p='$(MKDIR_P)'
oldincludedir='/usr/include'
pdfdir='${docdir}'
prefix='/usr/local'
program_transform_name='s,x,x,'
psdir='${docdir}'
runstatedir='${localstatedir}/run'
sbindir='${exec_prefix}/sbin'
sharedstatedir='${prefix}/com'
sysconfdir='${prefix}/etc'
target_alias=''

## ------------------- ##
## File substitutions. ##
## ------------------- ##

ap_include='./ap_include.am'

## ----------- ##
## confdefs.h. ##
## ----------- ##

/* confdefs.h */
#define PACKAGE_NAME "Apertium Divehi-English"
#define PACKAGE_TARNAME "apertium-div-eng"
#define PACKAGE_VERSION "0.2.0"
#define PACKAGE_STRING "Apertium Divehi-English 0.2.0"
#define PACKAGE_BUGREPORT "xluo1@swarthmore.edu"
#define PACKAGE_URL "http://wiki.apertium.org/wiki/Apertium-div-eng"
#define PACKAGE "apertium-div-eng"
#define VERSION "0.2.0"

configure: exit 0
