This file contains any messages produced by compilers while
running configure, to aid debugging if configure makes a mistake.

It was created by Apertium English configure 0.1.0, which was
generated by GNU Autoconf 2.69.  Invocation command line was

  $ ./configure 

## --------- ##
## Platform. ##
## --------- ##

hostname = dratini
uname -m = x86_64
uname -r = 4.15.0-46-generic
uname -s = Linux
uname -v = #49-Ubuntu SMP Wed Feb 6 09:33:07 UTC 2019

/usr/bin/uname -p = unknown
/bin/uname -X     = unknown

/bin/arch              = unknown
/usr/bin/arch -k       = unknown
/usr/convex/getsysinfo = unknown
/usr/bin/hostinfo      = unknown
/bin/machine           = unknown
/usr/bin/oslevel       = unknown
/bin/universe          = unknown

PATH: /home/xluo1/bin
PATH: /usr/swat/bin
PATH: /usr/local/bin
PATH: /bin
PATH: /sbin
PATH: /usr/bin
PATH: /usr/sbin
PATH: /usr/X11R6/bin
PATH: /usr/local/bin


## ----------- ##
## Core tests. ##
## ----------- ##

configure:1800: checking for a BSD-compatible install
configure:1868: result: /usr/bin/install -c
configure:1879: checking whether build environment is sane
configure:1934: result: yes
configure:2085: checking for a thread-safe mkdir -p
configure:2124: result: /bin/mkdir -p
configure:2131: checking for gawk
configure:2147: found /usr/bin/gawk
configure:2158: result: gawk
configure:2169: checking whether make sets $(MAKE)
configure:2191: result: yes
configure:2220: checking whether make supports nested variables
configure:2237: result: yes
configure:2364: checking whether ln -s works
configure:2368: result: yes
configure:2379: checking for gawk
configure:2406: result: gawk
configure:2472: checking for pkg-config
configure:2490: found /usr/bin/pkg-config
configure:2502: result: /usr/bin/pkg-config
configure:2527: checking pkg-config is at least version 0.9.0
configure:2530: result: yes
configure:2540: checking for APERTIUM
configure:2547: $PKG_CONFIG --exists --print-errors "apertium >= 3.3.0"
configure:2550: $? = 0
configure:2564: $PKG_CONFIG --exists --print-errors "apertium >= 3.3.0"
configure:2567: $? = 0
configure:2625: result: yes
configure:2631: checking for LTTOOLBOX
configure:2638: $PKG_CONFIG --exists --print-errors "lttoolbox >= 3.3.0"
configure:2641: $? = 0
configure:2655: $PKG_CONFIG --exists --print-errors "lttoolbox >= 3.3.0"
configure:2658: $? = 0
configure:2716: result: yes
configure:2726: checking for cg-comp
configure:2744: found /usr/bin/cg-comp
configure:2757: result: /usr/bin/cg-comp
configure:2771: checking for cg-proc
configure:2789: found /usr/bin/cg-proc
configure:2802: result: /usr/bin/cg-proc
configure:3030: checking that generated files are newer than configure
configure:3036: result: done
configure:3044: creating ./config.status

## ---------------------- ##
## Running config.status. ##
## ---------------------- ##

This file was extended by Apertium English config.status 0.1.0, which was
generated by GNU Autoconf 2.69.  Invocation command line was

  CONFIG_FILES    = 
  CONFIG_HEADERS  = 
  CONFIG_LINKS    = 
  CONFIG_COMMANDS = 
  $ ./config.status 

on dratini

config.status:783: creating Makefile
config.status:783: creating apertium-eng.pc

## ---------------- ##
## Cache variables. ##
## ---------------- ##

ac_cv_env_APERTIUM_CFLAGS_set=
ac_cv_env_APERTIUM_CFLAGS_value=
ac_cv_env_APERTIUM_LIBS_set=
ac_cv_env_APERTIUM_LIBS_value=
ac_cv_env_LTTOOLBOX_CFLAGS_set=
ac_cv_env_LTTOOLBOX_CFLAGS_value=
ac_cv_env_LTTOOLBOX_LIBS_set=
ac_cv_env_LTTOOLBOX_LIBS_value=
ac_cv_env_PKG_CONFIG_LIBDIR_set=
ac_cv_env_PKG_CONFIG_LIBDIR_value=
ac_cv_env_PKG_CONFIG_PATH_set=set
ac_cv_env_PKG_CONFIG_PATH_value=:/usr/local/share/pkgconfig:/usr/local/lib/pkgconfig
ac_cv_env_PKG_CONFIG_set=
ac_cv_env_PKG_CONFIG_value=
ac_cv_env_build_alias_set=
ac_cv_env_build_alias_value=
ac_cv_env_host_alias_set=
ac_cv_env_host_alias_value=
ac_cv_env_target_alias_set=
ac_cv_env_target_alias_value=
ac_cv_path_CGCOMP=/usr/bin/cg-comp
ac_cv_path_CGPROC=/usr/bin/cg-proc
ac_cv_path_ac_pt_PKG_CONFIG=/usr/bin/pkg-config
ac_cv_path_install='/usr/bin/install -c'
ac_cv_path_mkdir=/bin/mkdir
ac_cv_prog_AWK=gawk
ac_cv_prog_make_make_set=yes
am_cv_make_support_nested_variables=yes
pkg_cv_APERTIUM_CFLAGS='-I/usr/include/apertium-3.5 -I/usr/lib/x86_64-linux-gnu/apertium-3.5/include -I/usr/include/lttoolbox-3.5 -I/usr/lib/x86_64-linux-gnu/lttoolbox-3.5/include -I/usr/include/libxml2'
pkg_cv_APERTIUM_LIBS='-lapertium3 -llttoolbox3 -lxml2 -lpcre'
pkg_cv_LTTOOLBOX_CFLAGS='-I/usr/include/lttoolbox-3.5 -I/usr/lib/x86_64-linux-gnu/lttoolbox-3.5/include -I/usr/include/libxml2'
pkg_cv_LTTOOLBOX_LIBS='-llttoolbox3 -lxml2'

## ----------------- ##
## Output variables. ##
## ----------------- ##

ACLOCAL='${SHELL} /home/xluo1/ling73/apertium-eng/missing aclocal-1.15'
AMTAR='$${TAR-tar}'
AM_BACKSLASH='\'
AM_DEFAULT_V='$(AM_DEFAULT_VERBOSITY)'
AM_DEFAULT_VERBOSITY='1'
AM_V='$(V)'
APERTIUM_CFLAGS='-I/usr/include/apertium-3.5 -I/usr/lib/x86_64-linux-gnu/apertium-3.5/include -I/usr/include/lttoolbox-3.5 -I/usr/lib/x86_64-linux-gnu/lttoolbox-3.5/include -I/usr/include/libxml2'
APERTIUM_LIBS='-lapertium3 -llttoolbox3 -lxml2 -lpcre'
AUTOCONF='${SHELL} /home/xluo1/ling73/apertium-eng/missing autoconf'
AUTOHEADER='${SHELL} /home/xluo1/ling73/apertium-eng/missing autoheader'
AUTOMAKE='${SHELL} /home/xluo1/ling73/apertium-eng/missing automake-1.15'
AWK='gawk'
CGCOMP='/usr/bin/cg-comp'
CGPROC='/usr/bin/cg-proc'
CYGPATH_W='echo'
DEFS='-DPACKAGE_NAME=\"Apertium\ English\" -DPACKAGE_TARNAME=\"apertium-eng\" -DPACKAGE_VERSION=\"0.1.0\" -DPACKAGE_STRING=\"Apertium\ English\ 0.1.0\" -DPACKAGE_BUGREPORT=\"francis.tyers@gmail.com\" -DPACKAGE_URL=\"http://wiki.apertium.org/wiki/Apertium-eng\" -DPACKAGE=\"apertium-eng\" -DVERSION=\"0.1.0\"'
ECHO_C=''
ECHO_N='-n'
ECHO_T=''
INSTALL_DATA='${INSTALL} -m 644'
INSTALL_PROGRAM='${INSTALL}'
INSTALL_SCRIPT='${INSTALL}'
INSTALL_STRIP_PROGRAM='$(install_sh) -c -s'
LIBOBJS=''
LIBS=''
LN_S='ln -s'
LTLIBOBJS=''
LTTOOLBOX_CFLAGS='-I/usr/include/lttoolbox-3.5 -I/usr/lib/x86_64-linux-gnu/lttoolbox-3.5/include -I/usr/include/libxml2'
LTTOOLBOX_LIBS='-llttoolbox3 -lxml2'
MAKEINFO='${SHELL} /home/xluo1/ling73/apertium-eng/missing makeinfo'
MKDIR_P='/bin/mkdir -p'
PACKAGE='apertium-eng'
PACKAGE_BUGREPORT='francis.tyers@gmail.com'
PACKAGE_NAME='Apertium English'
PACKAGE_STRING='Apertium English 0.1.0'
PACKAGE_TARNAME='apertium-eng'
PACKAGE_URL='http://wiki.apertium.org/wiki/Apertium-eng'
PACKAGE_VERSION='0.1.0'
PATH_SEPARATOR=':'
PKG_CONFIG='/usr/bin/pkg-config'
PKG_CONFIG_LIBDIR=''
PKG_CONFIG_PATH=':/usr/local/share/pkgconfig:/usr/local/lib/pkgconfig'
SET_MAKE=''
SHELL='/bin/bash'
STRIP=''
VERSION='0.1.0'
am__isrc=''
am__leading_dot='.'
am__tar='$${TAR-tar} chof - "$$tardir"'
am__untar='$${TAR-tar} xf -'
bindir='${exec_prefix}/bin'
build_alias=''
datadir='${datarootdir}'
datarootdir='${prefix}/share'
docdir='${datarootdir}/doc/${PACKAGE_TARNAME}'
dvidir='${docdir}'
exec_prefix='${prefix}'
host_alias=''
htmldir='${docdir}'
includedir='${prefix}/include'
infodir='${datarootdir}/info'
install_sh='${SHELL} /home/xluo1/ling73/apertium-eng/install-sh'
libdir='${exec_prefix}/lib'
libexecdir='${exec_prefix}/libexec'
localedir='${datarootdir}/locale'
localstatedir='${prefix}/var'
mandir='${datarootdir}/man'
mkdir_p='$(MKDIR_P)'
oldincludedir='/usr/include'
pdfdir='${docdir}'
prefix='/usr/local'
program_transform_name='s,x,x,'
psdir='${docdir}'
runstatedir='${localstatedir}/run'
sbindir='${exec_prefix}/sbin'
sharedstatedir='${prefix}/com'
sysconfdir='${prefix}/etc'
target_alias=''

## ------------------- ##
## File substitutions. ##
## ------------------- ##

ap_include='./ap_include.am'

## ----------- ##
## confdefs.h. ##
## ----------- ##

/* confdefs.h */
#define PACKAGE_NAME "Apertium English"
#define PACKAGE_TARNAME "apertium-eng"
#define PACKAGE_VERSION "0.1.0"
#define PACKAGE_STRING "Apertium English 0.1.0"
#define PACKAGE_BUGREPORT "francis.tyers@gmail.com"
#define PACKAGE_URL "http://wiki.apertium.org/wiki/Apertium-eng"
#define PACKAGE "apertium-eng"
#define VERSION "0.1.0"

configure: exit 0
