This file contains any messages produced by compilers while
running configure, to aid debugging if configure makes a mistake.

It was created by Apertium Divehi configure 0.1.0, which was
generated by GNU Autoconf 2.69.  Invocation command line was

  $ ./configure 

## --------- ##
## Platform. ##
## --------- ##

hostname = dratini
uname -m = x86_64
uname -r = 4.15.0-43-generic
uname -s = Linux
uname -v = #46-Ubuntu SMP Thu Dec 6 14:45:28 UTC 2018

/usr/bin/uname -p = unknown
/bin/uname -X     = unknown

/bin/arch              = unknown
/usr/bin/arch -k       = unknown
/usr/convex/getsysinfo = unknown
/usr/bin/hostinfo      = unknown
/bin/machine           = unknown
/usr/bin/oslevel       = unknown
/bin/universe          = unknown

PATH: /home/xluo1/bin
PATH: /usr/swat/bin
PATH: /usr/local/bin
PATH: /bin
PATH: /sbin
PATH: /usr/bin
PATH: /usr/sbin
PATH: /usr/X11R6/bin
PATH: /usr/local/bin


## ----------- ##
## Core tests. ##
## ----------- ##

configure:1805: checking for a BSD-compatible install
configure:1873: result: /usr/bin/install -c
configure:1884: checking whether build environment is sane
configure:1939: result: yes
configure:2090: checking for a thread-safe mkdir -p
configure:2129: result: /bin/mkdir -p
configure:2136: checking for gawk
configure:2152: found /usr/bin/gawk
configure:2163: result: gawk
configure:2174: checking whether make sets $(MAKE)
configure:2196: result: yes
configure:2225: checking whether make supports nested variables
configure:2242: result: yes
configure:2369: checking whether ln -s works
configure:2373: result: yes
configure:2384: checking for gawk
configure:2411: result: gawk
configure:2485: checking for pkg-config
configure:2503: found /usr/bin/pkg-config
configure:2515: result: /usr/bin/pkg-config
configure:2540: checking pkg-config is at least version 0.9.0
configure:2543: result: yes
configure:2662: checking for APERTIUM
configure:2669: $PKG_CONFIG --exists --print-errors "apertium >= 3.4.0"
configure:2672: $? = 0
configure:2686: $PKG_CONFIG --exists --print-errors "apertium >= 3.4.0"
configure:2689: $? = 0
configure:2747: result: yes
configure:2754: checking for hfst-lexc
configure:2772: found /usr/bin/hfst-lexc
configure:2785: result: /usr/bin/hfst-lexc
configure:2799: checking for hfst-twolc
configure:2817: found /usr/bin/hfst-twolc
configure:2830: result: /usr/bin/hfst-twolc
configure:2844: checking for cg-comp
configure:2862: found /usr/bin/cg-comp
configure:2875: result: /usr/bin/cg-comp
configure:3101: checking that generated files are newer than configure
configure:3107: result: done
configure:3119: creating ./config.status

## ---------------------- ##
## Running config.status. ##
## ---------------------- ##

This file was extended by Apertium Divehi config.status 0.1.0, which was
generated by GNU Autoconf 2.69.  Invocation command line was

  CONFIG_FILES    = 
  CONFIG_HEADERS  = 
  CONFIG_LINKS    = 
  CONFIG_COMMANDS = 
  $ ./config.status 

on dratini

config.status:785: creating Makefile
config.status:785: creating apertium-div.pc

## ---------------- ##
## Cache variables. ##
## ---------------- ##

ac_cv_env_APERTIUM_CFLAGS_set=
ac_cv_env_APERTIUM_CFLAGS_value=
ac_cv_env_APERTIUM_LIBS_set=
ac_cv_env_APERTIUM_LIBS_value=
ac_cv_env_HFSTOSPELL_CFLAGS_set=
ac_cv_env_HFSTOSPELL_CFLAGS_value=
ac_cv_env_HFSTOSPELL_LIBS_set=
ac_cv_env_HFSTOSPELL_LIBS_value=
ac_cv_env_PKG_CONFIG_LIBDIR_set=
ac_cv_env_PKG_CONFIG_LIBDIR_value=
ac_cv_env_PKG_CONFIG_PATH_set=set
ac_cv_env_PKG_CONFIG_PATH_value=:/usr/local/share/pkgconfig:/usr/local/lib/pkgconfig
ac_cv_env_PKG_CONFIG_set=
ac_cv_env_PKG_CONFIG_value=
ac_cv_env_build_alias_set=
ac_cv_env_build_alias_value=
ac_cv_env_host_alias_set=
ac_cv_env_host_alias_value=
ac_cv_env_target_alias_set=
ac_cv_env_target_alias_value=
ac_cv_path_CGCOMP=/usr/bin/cg-comp
ac_cv_path_HFSTLEXC=/usr/bin/hfst-lexc
ac_cv_path_HFSTTWOLC=/usr/bin/hfst-twolc
ac_cv_path_ac_pt_PKG_CONFIG=/usr/bin/pkg-config
ac_cv_path_install='/usr/bin/install -c'
ac_cv_path_mkdir=/bin/mkdir
ac_cv_prog_AWK=gawk
ac_cv_prog_make_make_set=yes
am_cv_make_support_nested_variables=yes
pkg_cv_APERTIUM_CFLAGS='-I/usr/include/apertium-3.5 -I/usr/lib/x86_64-linux-gnu/apertium-3.5/include -I/usr/include/lttoolbox-3.5 -I/usr/lib/x86_64-linux-gnu/lttoolbox-3.5/include -I/usr/include/libxml2'
pkg_cv_APERTIUM_LIBS='-lapertium3 -llttoolbox3 -lxml2 -lpcre'

## ----------------- ##
## Output variables. ##
## ----------------- ##

ACLOCAL='${SHELL} /home/xluo1/ling73/ling073-div/missing aclocal-1.15'
AMTAR='$${TAR-tar}'
AM_BACKSLASH='\'
AM_DEFAULT_V='$(AM_DEFAULT_VERBOSITY)'
AM_DEFAULT_VERBOSITY='1'
AM_V='$(V)'
APERTIUM_CFLAGS='-I/usr/include/apertium-3.5 -I/usr/lib/x86_64-linux-gnu/apertium-3.5/include -I/usr/include/lttoolbox-3.5 -I/usr/lib/x86_64-linux-gnu/lttoolbox-3.5/include -I/usr/include/libxml2'
APERTIUM_LIBS='-lapertium3 -llttoolbox3 -lxml2 -lpcre'
AUTOCONF='${SHELL} /home/xluo1/ling73/ling073-div/missing autoconf'
AUTOHEADER='${SHELL} /home/xluo1/ling73/ling073-div/missing autoheader'
AUTOMAKE='${SHELL} /home/xluo1/ling73/ling073-div/missing automake-1.15'
AWK='gawk'
CGCOMP='/usr/bin/cg-comp'
CYGPATH_W='echo'
DEFS='-DPACKAGE_NAME=\"Apertium\ Divehi\" -DPACKAGE_TARNAME=\"apertium-div\" -DPACKAGE_VERSION=\"0.1.0\" -DPACKAGE_STRING=\"Apertium\ Divehi\ 0.1.0\" -DPACKAGE_BUGREPORT=\"xluo1@swarthmore.edu\" -DPACKAGE_URL=\"http://wiki.apertium.org/wiki/Apertium-div\" -DPACKAGE=\"apertium-div\" -DVERSION=\"0.1.0\"'
ECHO_C=''
ECHO_N='-n'
ECHO_T=''
HAVE_HFSTOSPELL_FALSE=''
HAVE_HFSTOSPELL_TRUE='#'
HFSTLEXC='/usr/bin/hfst-lexc'
HFSTOSPELL_CFLAGS=''
HFSTOSPELL_LIBS=''
HFSTTWOLC='/usr/bin/hfst-twolc'
INSTALL_DATA='${INSTALL} -m 644'
INSTALL_PROGRAM='${INSTALL}'
INSTALL_SCRIPT='${INSTALL}'
INSTALL_STRIP_PROGRAM='$(install_sh) -c -s'
LIBOBJS=''
LIBS=''
LN_S='ln -s'
LTLIBOBJS=''
MAKEINFO='${SHELL} /home/xluo1/ling73/ling073-div/missing makeinfo'
MKDIR_P='/bin/mkdir -p'
PACKAGE='apertium-div'
PACKAGE_BUGREPORT='xluo1@swarthmore.edu'
PACKAGE_NAME='Apertium Divehi'
PACKAGE_STRING='Apertium Divehi 0.1.0'
PACKAGE_TARNAME='apertium-div'
PACKAGE_URL='http://wiki.apertium.org/wiki/Apertium-div'
PACKAGE_VERSION='0.1.0'
PATH_SEPARATOR=':'
PKG_CONFIG='/usr/bin/pkg-config'
PKG_CONFIG_LIBDIR=''
PKG_CONFIG_PATH=':/usr/local/share/pkgconfig:/usr/local/lib/pkgconfig'
SET_MAKE=''
SHELL='/bin/bash'
STRIP=''
VERSION='0.1.0'
am__isrc=''
am__leading_dot='.'
am__tar='$${TAR-tar} chof - "$$tardir"'
am__untar='$${TAR-tar} xf -'
bindir='${exec_prefix}/bin'
build_alias=''
datadir='${datarootdir}'
datarootdir='${prefix}/share'
docdir='${datarootdir}/doc/${PACKAGE_TARNAME}'
dvidir='${docdir}'
exec_prefix='${prefix}'
host_alias=''
htmldir='${docdir}'
includedir='${prefix}/include'
infodir='${datarootdir}/info'
install_sh='${SHELL} /home/xluo1/ling73/ling073-div/install-sh'
libdir='${exec_prefix}/lib'
libexecdir='${exec_prefix}/libexec'
localedir='${datarootdir}/locale'
localstatedir='${prefix}/var'
mandir='${datarootdir}/man'
mkdir_p='$(MKDIR_P)'
oldincludedir='/usr/include'
pdfdir='${docdir}'
prefix='/usr/local'
program_transform_name='s,x,x,'
psdir='${docdir}'
runstatedir='${localstatedir}/run'
sbindir='${exec_prefix}/sbin'
sharedstatedir='${prefix}/com'
sysconfdir='${prefix}/etc'
target_alias=''

## ------------------- ##
## File substitutions. ##
## ------------------- ##

ap_include='./ap_include.am'

## ----------- ##
## confdefs.h. ##
## ----------- ##

/* confdefs.h */
#define PACKAGE_NAME "Apertium Divehi"
#define PACKAGE_TARNAME "apertium-div"
#define PACKAGE_VERSION "0.1.0"
#define PACKAGE_STRING "Apertium Divehi 0.1.0"
#define PACKAGE_BUGREPORT "xluo1@swarthmore.edu"
#define PACKAGE_URL "http://wiki.apertium.org/wiki/Apertium-div"
#define PACKAGE "apertium-div"
#define VERSION "0.1.0"

configure: exit 0

## ---------------------- ##
## Running config.status. ##
## ---------------------- ##

This file was extended by Apertium Divehi config.status 0.1.0, which was
generated by GNU Autoconf 2.69.  Invocation command line was

  CONFIG_FILES    = 
  CONFIG_HEADERS  = 
  CONFIG_LINKS    = 
  CONFIG_COMMANDS = 
  $ ./config.status Makefile

on dratini

config.status:785: creating Makefile
